<?xml version="1.0" encoding="UTF-8"?>
<!-- Generated by org.testng.reporters.JUnitXMLReporter -->
<testsuite ignored="0" hostname="VMT15594" failures="1" tests="3" name="Personal Loan" time="7.404" errors="0" timestamp="2023-01-02T16:08:42 IST">
  <testcase classname="Dryrun_TestCases.ErieHomePageTests" name="validateErieHomePageMenuTabs" time="0.018">
    <failure type="java.lang.AssertionError" message="expected [true] but found [false]">
      <![CDATA[java.lang.AssertionError: expected [true] but found [false]
at org.comp.erieinsurance_automation.SeleniumWrapper.publishTestStepResults(SeleniumWrapper.java:47)
at Dryrun_TestCases.ErieHomePageTests.validateErieHomePageMenuTabs(ErieHomePageTests.java:36)
at java.base/java.util.ArrayList.forEach(ArrayList.java:1511)
... Removed 31 stack frames]]>
    </failure>
  </testcase> <!-- validateErieHomePageMenuTabs -->
  <testcase classname="testng.tutorial.day1" name="itsATestCaseName" time="0.002"/>
  <testcase classname="testng.tutorial.day1" name="tet2" time="0.004"/>
</testsuite> <!-- Personal Loan -->
